c:\users\jgobb\desktop\farm\sdl\project1\x64\debug\vc142.pdb
c:\users\jgobb\desktop\farm\sdl\project1\x64\debug\vc142.idb
c:\users\jgobb\desktop\farm\sdl\project1\x64\debug\vector2.obj
c:\users\jgobb\desktop\farm\sdl\project1\x64\debug\tile.obj
c:\users\jgobb\desktop\farm\sdl\project1\x64\debug\player.obj
c:\users\jgobb\desktop\farm\sdl\project1\x64\debug\perlinnoise.obj
c:\users\jgobb\desktop\farm\sdl\project1\x64\debug\map.obj
c:\users\jgobb\desktop\farm\sdl\project1\x64\debug\global_funtions.obj
c:\users\jgobb\desktop\farm\sdl\project1\x64\debug\chunk.obj
c:\users\jgobb\desktop\farm\sdl\project1\x64\debug\01_hello_sdl.obj
c:\users\jgobb\desktop\farm\sdl\project1\x64\debug\plant.obj
c:\users\jgobb\desktop\farm\sdl\project1\x64\debug\ui.obj
c:\users\jgobb\desktop\farm\sdl\project1\x64\debug\item.obj
c:\users\jgobb\desktop\farm\sdl\project1\x64\debug\vc143.pdb
c:\users\jgobb\desktop\farm\sdl\project1\x64\debug\vc143.idb
c:\users\jgobb\desktop\farm\sdl\project1\x64\debug\project1.ilk
c:\users\jgobb\desktop\farm\sdl\x64\debug\project1.exe
c:\users\jgobb\desktop\farm\sdl\x64\debug\project1.pdb
c:\users\jgobb\desktop\farm\sdl\project1\x64\debug\01_hello_sdl.obj.enc
c:\users\jgobb\desktop\farm\sdl\project1\x64\debug\global_funtions.obj.enc
c:\users\jgobb\desktop\farm\sdl\project1\x64\debug\ui.obj.enc
c:\users\jgobb\desktop\farm\sdl\project1\x64\debug\project1.tlog\cl.command.1.tlog
c:\users\jgobb\desktop\farm\sdl\project1\x64\debug\project1.tlog\cl.read.1.tlog
c:\users\jgobb\desktop\farm\sdl\project1\x64\debug\project1.tlog\cl.write.1.tlog
c:\users\jgobb\desktop\farm\sdl\project1\x64\debug\project1.tlog\link.command.1.tlog
c:\users\jgobb\desktop\farm\sdl\project1\x64\debug\project1.tlog\link.read.1.tlog
c:\users\jgobb\desktop\farm\sdl\project1\x64\debug\project1.tlog\link.write.1.tlog
